{"name":"Switch_Purchase_014 - User able to Order SIM First Time GoPay","status":"broken","statusDetails":{"known":false,"muted":false,"flaky":false,"message":"Expected condition failed: waiting for visibility of element located by By.id: com.smartfren.switchmobile:id/btn_select_location (tried for 20 second(s) with 500 milliseconds interval)","trace":"org.openqa.selenium.TimeoutException: Expected condition failed: waiting for visibility of element located by By.id: com.smartfren.switchmobile:id/btn_select_location (tried for 20 second(s) with 500 milliseconds interval)\n\tat org.openqa.selenium.support.ui.WebDriverWait.timeoutException(WebDriverWait.java:95)\n\tat org.openqa.selenium.support.ui.FluentWait.until(FluentWait.java:272)\n\tat utilities.finders.ElementAction.waitUntilElement(ElementAction.java:17)\n\tat utilities.finders.ElementAction.click(ElementAction.java:21)\n\tat pages.PurchasePages.testInputAddress(PurchasePages.java:196)\n\tat pages.PurchasePages.testOrderSIM(PurchasePages.java:121)\n\tat tests.PurchaseITest.checkPurchaseSIMFirstTimeGoPay(PurchaseITest.java:157)\n\tat sun.reflect.NativeMethodAccessorImpl.invoke0(Native Method)\n\tat sun.reflect.NativeMethodAccessorImpl.invoke(NativeMethodAccessorImpl.java:62)\n\tat sun.reflect.DelegatingMethodAccessorImpl.invoke(DelegatingMethodAccessorImpl.java:43)\n\tat java.lang.reflect.Method.invoke(Method.java:498)\n\tat org.testng.internal.MethodInvocationHelper.invokeMethod(MethodInvocationHelper.java:124)\n\tat org.testng.internal.Invoker.invokeMethod(Invoker.java:583)\n\tat org.testng.internal.Invoker.invokeTestMethod(Invoker.java:719)\n\tat org.testng.internal.Invoker.invokeTestMethods(Invoker.java:989)\n\tat org.testng.internal.TestMethodWorker.invokeTestMethods(TestMethodWorker.java:125)\n\tat org.testng.internal.TestMethodWorker.run(TestMethodWorker.java:109)\n\tat java.util.concurrent.ThreadPoolExecutor.runWorker(ThreadPoolExecutor.java:1149)\n\tat java.util.concurrent.ThreadPoolExecutor$Worker.run(ThreadPoolExecutor.java:624)\n\tat java.lang.Thread.run(Thread.java:748)\nCaused by: org.openqa.selenium.NoSuchElementException: An element could not be located on the page using the given search parameters.\nFor documentation on this error, please visit: https://www.seleniumhq.org/exceptions/no_such_element.html\nBuild info: version: '3.141.59', revision: 'e82be7d358', time: '2018-11-14T08:17:03'\nSystem info: host: 'Faizals-MacBook-Pro.local', ip: 'fe80:0:0:0:1460:b97b:7e0d:fc85%en0', os.name: 'Mac OS X', os.arch: 'x86_64', os.version: '10.15.6', java.version: '1.8.0_251'\nDriver info: io.appium.java_client.android.AndroidDriver\nCapabilities {app: /Users/faizalprakoso/Docume..., appActivity: com.smartfren.switchmobile...., appPackage: com.smartfren.switchmobile, autoGrantPermissions: true, databaseEnabled: false, desired: {app: /Users/faizalprakoso/Docume..., appActivity: com.smartfren.switchmobile...., appPackage: com.smartfren.switchmobile, autoGrantPermissions: true, noReset: true, platformName: android, platformVersion: 8.1.0, udid: emulator-5554}, deviceApiLevel: 28, deviceManufacturer: Google, deviceModel: AOSP on IA Emulator, deviceName: emulator-5554, deviceScreenDensity: 480, deviceScreenSize: 1080x1920, deviceUDID: emulator-5554, javascriptEnabled: true, locationContextEnabled: false, networkConnectionEnabled: true, noReset: true, pixelRatio: 3, platform: LINUX, platformName: ANDROID, platformVersion: 9, statBarHeight: 72, takesScreenshot: true, udid: emulator-5554, viewportRect: {height: 1704, left: 0, top: 72, width: 1080}, warnings: {}, webStorageEnabled: false}\nSession ID: 542468f7-0605-4d1c-8111-c3c080f7038b\n*** Element info: {Using=id, value=com.smartfren.switchmobile:id/btn_select_location}\n\tat sun.reflect.GeneratedConstructorAccessor21.newInstance(Unknown Source)\n\tat sun.reflect.DelegatingConstructorAccessorImpl.newInstance(DelegatingConstructorAccessorImpl.java:45)\n\tat java.lang.reflect.Constructor.newInstance(Constructor.java:423)\n\tat org.openqa.selenium.remote.http.W3CHttpResponseCodec.createException(W3CHttpResponseCodec.java:187)\n\tat org.openqa.selenium.remote.http.W3CHttpResponseCodec.decode(W3CHttpResponseCodec.java:122)\n\tat org.openqa.selenium.remote.http.W3CHttpResponseCodec.decode(W3CHttpResponseCodec.java:49)\n\tat org.openqa.selenium.remote.HttpCommandExecutor.execute(HttpCommandExecutor.java:158)\n\tat io.appium.java_client.remote.AppiumCommandExecutor.execute(AppiumCommandExecutor.java:239)\n\tat org.openqa.selenium.remote.RemoteWebDriver.execute(RemoteWebDriver.java:552)\n\tat io.appium.java_client.DefaultGenericMobileDriver.execute(DefaultGenericMobileDriver.java:41)\n\tat io.appium.java_client.AppiumDriver.execute(AppiumDriver.java:1)\n\tat io.appium.java_client.android.AndroidDriver.execute(AndroidDriver.java:1)\n\tat org.openqa.selenium.remote.RemoteWebDriver.findElement(RemoteWebDriver.java:323)\n\tat io.appium.java_client.DefaultGenericMobileDriver.findElement(DefaultGenericMobileDriver.java:61)\n\tat io.appium.java_client.AppiumDriver.findElement(AppiumDriver.java:1)\n\tat io.appium.java_client.android.AndroidDriver.findElement(AndroidDriver.java:1)\n\tat org.openqa.selenium.remote.RemoteWebDriver.findElementById(RemoteWebDriver.java:372)\n\tat io.appium.java_client.DefaultGenericMobileDriver.findElementById(DefaultGenericMobileDriver.java:69)\n\tat io.appium.java_client.AppiumDriver.findElementById(AppiumDriver.java:1)\n\tat io.appium.java_client.android.AndroidDriver.findElementById(AndroidDriver.java:1)\n\tat org.openqa.selenium.By$ById.findElement(By.java:188)\n\tat org.openqa.selenium.remote.RemoteWebDriver.findElement(RemoteWebDriver.java:315)\n\tat io.appium.java_client.DefaultGenericMobileDriver.findElement(DefaultGenericMobileDriver.java:57)\n\tat io.appium.java_client.AppiumDriver.findElement(AppiumDriver.java:1)\n\tat io.appium.java_client.android.AndroidDriver.findElement(AndroidDriver.java:1)\n\tat org.openqa.selenium.support.ui.ExpectedConditions$7.apply(ExpectedConditions.java:205)\n\tat org.openqa.selenium.support.ui.ExpectedConditions$7.apply(ExpectedConditions.java:201)\n\tat org.openqa.selenium.support.ui.FluentWait.until(FluentWait.java:249)\n\t... 18 more\n"},"stage":"finished","description":"Verify that user can success Order SIM First Time.","steps":[{"name":"User Do Valid Login Using Email or Switch Number","status":"passed","stage":"finished","steps":[{"name":"Click Button Login","status":"passed","stage":"finished","steps":[],"attachments":[],"parameters":[],"start":1603346008971,"stop":1603346016614}],"attachments":[],"parameters":[{"name":"username","value":"satriopanjiprakoso@gmail.com"},{"name":"pin","value":"545454"}],"start":1603346008971,"stop":1603346027422},{"name":"User Do Order SIM First Time Using Input Number","status":"broken","statusDetails":{"known":false,"muted":false,"flaky":false,"message":"Expected condition failed: waiting for visibility of element located by By.id: com.smartfren.switchmobile:id/btn_select_location (tried for 20 second(s) with 500 milliseconds interval)","trace":"org.openqa.selenium.TimeoutException: Expected condition failed: waiting for visibility of element located by By.id: com.smartfren.switchmobile:id/btn_select_location (tried for 20 second(s) with 500 milliseconds interval)\n\tat org.openqa.selenium.support.ui.WebDriverWait.timeoutException(WebDriverWait.java:95)\n\tat org.openqa.selenium.support.ui.FluentWait.until(FluentWait.java:272)\n\tat utilities.finders.ElementAction.waitUntilElement(ElementAction.java:17)\n\tat utilities.finders.ElementAction.click(ElementAction.java:21)\n\tat pages.PurchasePages.testInputAddress(PurchasePages.java:196)\n\tat pages.PurchasePages.testOrderSIM(PurchasePages.java:121)\n\tat tests.PurchaseITest.checkPurchaseSIMFirstTimeGoPay(PurchaseITest.java:157)\n\tat sun.reflect.NativeMethodAccessorImpl.invoke0(Native Method)\n\tat sun.reflect.NativeMethodAccessorImpl.invoke(NativeMethodAccessorImpl.java:62)\n\tat sun.reflect.DelegatingMethodAccessorImpl.invoke(DelegatingMethodAccessorImpl.java:43)\n\tat java.lang.reflect.Method.invoke(Method.java:498)\n\tat org.testng.internal.MethodInvocationHelper.invokeMethod(MethodInvocationHelper.java:124)\n\tat org.testng.internal.Invoker.invokeMethod(Invoker.java:583)\n\tat org.testng.internal.Invoker.invokeTestMethod(Invoker.java:719)\n\tat org.testng.internal.Invoker.invokeTestMethods(Invoker.java:989)\n\tat org.testng.internal.TestMethodWorker.invokeTestMethods(TestMethodWorker.java:125)\n\tat org.testng.internal.TestMethodWorker.run(TestMethodWorker.java:109)\n\tat java.util.concurrent.ThreadPoolExecutor.runWorker(ThreadPoolExecutor.java:1149)\n\tat java.util.concurrent.ThreadPoolExecutor$Worker.run(ThreadPoolExecutor.java:624)\n\tat java.lang.Thread.run(Thread.java:748)\nCaused by: org.openqa.selenium.NoSuchElementException: An element could not be located on the page using the given search parameters.\nFor documentation on this error, please visit: https://www.seleniumhq.org/exceptions/no_such_element.html\nBuild info: version: '3.141.59', revision: 'e82be7d358', time: '2018-11-14T08:17:03'\nSystem info: host: 'Faizals-MacBook-Pro.local', ip: 'fe80:0:0:0:1460:b97b:7e0d:fc85%en0', os.name: 'Mac OS X', os.arch: 'x86_64', os.version: '10.15.6', java.version: '1.8.0_251'\nDriver info: io.appium.java_client.android.AndroidDriver\nCapabilities {app: /Users/faizalprakoso/Docume..., appActivity: com.smartfren.switchmobile...., appPackage: com.smartfren.switchmobile, autoGrantPermissions: true, databaseEnabled: false, desired: {app: /Users/faizalprakoso/Docume..., appActivity: com.smartfren.switchmobile...., appPackage: com.smartfren.switchmobile, autoGrantPermissions: true, noReset: true, platformName: android, platformVersion: 8.1.0, udid: emulator-5554}, deviceApiLevel: 28, deviceManufacturer: Google, deviceModel: AOSP on IA Emulator, deviceName: emulator-5554, deviceScreenDensity: 480, deviceScreenSize: 1080x1920, deviceUDID: emulator-5554, javascriptEnabled: true, locationContextEnabled: false, networkConnectionEnabled: true, noReset: true, pixelRatio: 3, platform: LINUX, platformName: ANDROID, platformVersion: 9, statBarHeight: 72, takesScreenshot: true, udid: emulator-5554, viewportRect: {height: 1704, left: 0, top: 72, width: 1080}, warnings: {}, webStorageEnabled: false}\nSession ID: 542468f7-0605-4d1c-8111-c3c080f7038b\n*** Element info: {Using=id, value=com.smartfren.switchmobile:id/btn_select_location}\n\tat sun.reflect.GeneratedConstructorAccessor21.newInstance(Unknown Source)\n\tat sun.reflect.DelegatingConstructorAccessorImpl.newInstance(DelegatingConstructorAccessorImpl.java:45)\n\tat java.lang.reflect.Constructor.newInstance(Constructor.java:423)\n\tat org.openqa.selenium.remote.http.W3CHttpResponseCodec.createException(W3CHttpResponseCodec.java:187)\n\tat org.openqa.selenium.remote.http.W3CHttpResponseCodec.decode(W3CHttpResponseCodec.java:122)\n\tat org.openqa.selenium.remote.http.W3CHttpResponseCodec.decode(W3CHttpResponseCodec.java:49)\n\tat org.openqa.selenium.remote.HttpCommandExecutor.execute(HttpCommandExecutor.java:158)\n\tat io.appium.java_client.remote.AppiumCommandExecutor.execute(AppiumCommandExecutor.java:239)\n\tat org.openqa.selenium.remote.RemoteWebDriver.execute(RemoteWebDriver.java:552)\n\tat io.appium.java_client.DefaultGenericMobileDriver.execute(DefaultGenericMobileDriver.java:41)\n\tat io.appium.java_client.AppiumDriver.execute(AppiumDriver.java:1)\n\tat io.appium.java_client.android.AndroidDriver.execute(AndroidDriver.java:1)\n\tat org.openqa.selenium.remote.RemoteWebDriver.findElement(RemoteWebDriver.java:323)\n\tat io.appium.java_client.DefaultGenericMobileDriver.findElement(DefaultGenericMobileDriver.java:61)\n\tat io.appium.java_client.AppiumDriver.findElement(AppiumDriver.java:1)\n\tat io.appium.java_client.android.AndroidDriver.findElement(AndroidDriver.java:1)\n\tat org.openqa.selenium.remote.RemoteWebDriver.findElementById(RemoteWebDriver.java:372)\n\tat io.appium.java_client.DefaultGenericMobileDriver.findElementById(DefaultGenericMobileDriver.java:69)\n\tat io.appium.java_client.AppiumDriver.findElementById(AppiumDriver.java:1)\n\tat io.appium.java_client.android.AndroidDriver.findElementById(AndroidDriver.java:1)\n\tat org.openqa.selenium.By$ById.findElement(By.java:188)\n\tat org.openqa.selenium.remote.RemoteWebDriver.findElement(RemoteWebDriver.java:315)\n\tat io.appium.java_client.DefaultGenericMobileDriver.findElement(DefaultGenericMobileDriver.java:57)\n\tat io.appium.java_client.AppiumDriver.findElement(AppiumDriver.java:1)\n\tat io.appium.java_client.android.AndroidDriver.findElement(AndroidDriver.java:1)\n\tat org.openqa.selenium.support.ui.ExpectedConditions$7.apply(ExpectedConditions.java:205)\n\tat org.openqa.selenium.support.ui.ExpectedConditions$7.apply(ExpectedConditions.java:201)\n\tat org.openqa.selenium.support.ui.FluentWait.until(FluentWait.java:249)\n\t... 18 more\n"},"stage":"finished","steps":[{"name":"Click Order SIM","status":"passed","stage":"finished","steps":[],"attachments":[],"parameters":[],"start":1603346027423,"stop":1603346028517},{"name":"Input Number","status":"passed","stage":"finished","steps":[],"attachments":[],"parameters":[{"name":"mainNumber","value":"0889-07"}],"start":1603346028517,"stop":1603346038270},{"name":"Input Address","status":"broken","statusDetails":{"known":false,"muted":false,"flaky":false,"message":"Expected condition failed: waiting for visibility of element located by By.id: com.smartfren.switchmobile:id/btn_select_location (tried for 20 second(s) with 500 milliseconds interval)","trace":"org.openqa.selenium.TimeoutException: Expected condition failed: waiting for visibility of element located by By.id: com.smartfren.switchmobile:id/btn_select_location (tried for 20 second(s) with 500 milliseconds interval)\n\tat org.openqa.selenium.support.ui.WebDriverWait.timeoutException(WebDriverWait.java:95)\n\tat org.openqa.selenium.support.ui.FluentWait.until(FluentWait.java:272)\n\tat utilities.finders.ElementAction.waitUntilElement(ElementAction.java:17)\n\tat utilities.finders.ElementAction.click(ElementAction.java:21)\n\tat pages.PurchasePages.testInputAddress(PurchasePages.java:196)\n\tat pages.PurchasePages.testOrderSIM(PurchasePages.java:121)\n\tat tests.PurchaseITest.checkPurchaseSIMFirstTimeGoPay(PurchaseITest.java:157)\n\tat sun.reflect.NativeMethodAccessorImpl.invoke0(Native Method)\n\tat sun.reflect.NativeMethodAccessorImpl.invoke(NativeMethodAccessorImpl.java:62)\n\tat sun.reflect.DelegatingMethodAccessorImpl.invoke(DelegatingMethodAccessorImpl.java:43)\n\tat java.lang.reflect.Method.invoke(Method.java:498)\n\tat org.testng.internal.MethodInvocationHelper.invokeMethod(MethodInvocationHelper.java:124)\n\tat org.testng.internal.Invoker.invokeMethod(Invoker.java:583)\n\tat org.testng.internal.Invoker.invokeTestMethod(Invoker.java:719)\n\tat org.testng.internal.Invoker.invokeTestMethods(Invoker.java:989)\n\tat org.testng.internal.TestMethodWorker.invokeTestMethods(TestMethodWorker.java:125)\n\tat org.testng.internal.TestMethodWorker.run(TestMethodWorker.java:109)\n\tat java.util.concurrent.ThreadPoolExecutor.runWorker(ThreadPoolExecutor.java:1149)\n\tat java.util.concurrent.ThreadPoolExecutor$Worker.run(ThreadPoolExecutor.java:624)\n\tat java.lang.Thread.run(Thread.java:748)\nCaused by: org.openqa.selenium.NoSuchElementException: An element could not be located on the page using the given search parameters.\nFor documentation on this error, please visit: https://www.seleniumhq.org/exceptions/no_such_element.html\nBuild info: version: '3.141.59', revision: 'e82be7d358', time: '2018-11-14T08:17:03'\nSystem info: host: 'Faizals-MacBook-Pro.local', ip: 'fe80:0:0:0:1460:b97b:7e0d:fc85%en0', os.name: 'Mac OS X', os.arch: 'x86_64', os.version: '10.15.6', java.version: '1.8.0_251'\nDriver info: io.appium.java_client.android.AndroidDriver\nCapabilities {app: /Users/faizalprakoso/Docume..., appActivity: com.smartfren.switchmobile...., appPackage: com.smartfren.switchmobile, autoGrantPermissions: true, databaseEnabled: false, desired: {app: /Users/faizalprakoso/Docume..., appActivity: com.smartfren.switchmobile...., appPackage: com.smartfren.switchmobile, autoGrantPermissions: true, noReset: true, platformName: android, platformVersion: 8.1.0, udid: emulator-5554}, deviceApiLevel: 28, deviceManufacturer: Google, deviceModel: AOSP on IA Emulator, deviceName: emulator-5554, deviceScreenDensity: 480, deviceScreenSize: 1080x1920, deviceUDID: emulator-5554, javascriptEnabled: true, locationContextEnabled: false, networkConnectionEnabled: true, noReset: true, pixelRatio: 3, platform: LINUX, platformName: ANDROID, platformVersion: 9, statBarHeight: 72, takesScreenshot: true, udid: emulator-5554, viewportRect: {height: 1704, left: 0, top: 72, width: 1080}, warnings: {}, webStorageEnabled: false}\nSession ID: 542468f7-0605-4d1c-8111-c3c080f7038b\n*** Element info: {Using=id, value=com.smartfren.switchmobile:id/btn_select_location}\n\tat sun.reflect.GeneratedConstructorAccessor21.newInstance(Unknown Source)\n\tat sun.reflect.DelegatingConstructorAccessorImpl.newInstance(DelegatingConstructorAccessorImpl.java:45)\n\tat java.lang.reflect.Constructor.newInstance(Constructor.java:423)\n\tat org.openqa.selenium.remote.http.W3CHttpResponseCodec.createException(W3CHttpResponseCodec.java:187)\n\tat org.openqa.selenium.remote.http.W3CHttpResponseCodec.decode(W3CHttpResponseCodec.java:122)\n\tat org.openqa.selenium.remote.http.W3CHttpResponseCodec.decode(W3CHttpResponseCodec.java:49)\n\tat org.openqa.selenium.remote.HttpCommandExecutor.execute(HttpCommandExecutor.java:158)\n\tat io.appium.java_client.remote.AppiumCommandExecutor.execute(AppiumCommandExecutor.java:239)\n\tat org.openqa.selenium.remote.RemoteWebDriver.execute(RemoteWebDriver.java:552)\n\tat io.appium.java_client.DefaultGenericMobileDriver.execute(DefaultGenericMobileDriver.java:41)\n\tat io.appium.java_client.AppiumDriver.execute(AppiumDriver.java:1)\n\tat io.appium.java_client.android.AndroidDriver.execute(AndroidDriver.java:1)\n\tat org.openqa.selenium.remote.RemoteWebDriver.findElement(RemoteWebDriver.java:323)\n\tat io.appium.java_client.DefaultGenericMobileDriver.findElement(DefaultGenericMobileDriver.java:61)\n\tat io.appium.java_client.AppiumDriver.findElement(AppiumDriver.java:1)\n\tat io.appium.java_client.android.AndroidDriver.findElement(AndroidDriver.java:1)\n\tat org.openqa.selenium.remote.RemoteWebDriver.findElementById(RemoteWebDriver.java:372)\n\tat io.appium.java_client.DefaultGenericMobileDriver.findElementById(DefaultGenericMobileDriver.java:69)\n\tat io.appium.java_client.AppiumDriver.findElementById(AppiumDriver.java:1)\n\tat io.appium.java_client.android.AndroidDriver.findElementById(AndroidDriver.java:1)\n\tat org.openqa.selenium.By$ById.findElement(By.java:188)\n\tat org.openqa.selenium.remote.RemoteWebDriver.findElement(RemoteWebDriver.java:315)\n\tat io.appium.java_client.DefaultGenericMobileDriver.findElement(DefaultGenericMobileDriver.java:57)\n\tat io.appium.java_client.AppiumDriver.findElement(AppiumDriver.java:1)\n\tat io.appium.java_client.android.AndroidDriver.findElement(AndroidDriver.java:1)\n\tat org.openqa.selenium.support.ui.ExpectedConditions$7.apply(ExpectedConditions.java:205)\n\tat org.openqa.selenium.support.ui.ExpectedConditions$7.apply(ExpectedConditions.java:201)\n\tat org.openqa.selenium.support.ui.FluentWait.until(FluentWait.java:249)\n\t... 18 more\n"},"stage":"finished","steps":[],"attachments":[],"parameters":[{"name":"recName","value":"Andi"},{"name":"recPhone","value":"088906011294"},{"name":"city","value":"pringgodani"},{"name":"address","value":"JL. Pringgodani"}],"start":1603346038270,"stop":1603346096067}],"attachments":[],"parameters":[{"name":"mainNumber","value":"0889-07"},{"name":"recName","value":"Andi"},{"name":"recPhone","value":"088906011294"},{"name":"city","value":"pringgodani"},{"name":"address","value":"JL. Pringgodani"},{"name":"paymentType","value":"GoPay"}],"start":1603346027423,"stop":1603346096067}],"attachments":[{"name":"screenShot","source":"92fa3301-3d98-488d-98c8-1f170bfdbf17-attachment"},{"name":"Page Screenshot","source":"4852269d-42be-46c5-aa8b-2728daf1f04d-attachment","type":"image/png"}],"parameters":[{"name":"deviceName","value":"Pixel"}],"start":1603346008971,"stop":1603346096607,"uuid":"26e1fcd2-fe7d-4a4d-9a3a-fce11dc907cd","historyId":"b290b8dadd5efc8d3d414a49c33602ba","fullName":"tests.PurchaseITest.checkPurchaseSIMFirstTimeGoPay","labels":[{"name":"package","value":"tests.PurchaseITest"},{"name":"testClass","value":"tests.PurchaseITest"},{"name":"testMethod","value":"checkPurchaseSIMFirstTimeGoPay"},{"name":"parentSuite","value":"Switch Android Regression Test"},{"name":"suite","value":"Switch Android Regression Test"},{"name":"subSuite","value":"tests.PurchaseITest"},{"name":"host","value":"Faizals-MacBook-Pro.local"},{"name":"thread","value":"36241@Faizals-MacBook-Pro.local.TestNG-test=Switch Android Regression Test-8(29)"},{"name":"framework","value":"testng"},{"name":"language","value":"java"},{"name":"story","value":"Story Name : Check Purchase"},{"name":"severity","value":"critical"}],"links":[]}