{"name":"Switch_Login_003 - User unable to pass HOMEPAGE from INVALID LOGIN UNREGISTERED EMAIL","status":"broken","statusDetails":{"known":false,"muted":false,"flaky":false,"message":"Expected condition failed: waiting for visibility of element located by By.id: com.smartfren.switchmobile:id/firstName (tried for 10 second(s) with 500 milliseconds interval)","trace":"org.openqa.selenium.TimeoutException: Expected condition failed: waiting for visibility of element located by By.id: com.smartfren.switchmobile:id/firstName (tried for 10 second(s) with 500 milliseconds interval)\n\tat org.openqa.selenium.support.ui.WebDriverWait.timeoutException(WebDriverWait.java:95)\n\tat org.openqa.selenium.support.ui.FluentWait.until(FluentWait.java:272)\n\tat utilities.finders.ElementAction.waitUntilElement(ElementAction.java:15)\n\tat utilities.finders.ElementAction.getText(ElementAction.java:24)\n\tat operation.BaseLanding.welcomeDesc(BaseLanding.java:68)\n\tat operation.BaseLanding.checkValidationWelcomeText(BaseLanding.java:97)\n\tat pages.LoginPages.testInvalidLogin(LoginPages.java:29)\n\tat pages.LoginPages.testInvalidUnregisteredEmailLogin(LoginPages.java:42)\n\tat tests.LoginITest.checkInvalidUnregisteredEmail(LoginITest.java:39)\n\tat sun.reflect.NativeMethodAccessorImpl.invoke0(Native Method)\n\tat sun.reflect.NativeMethodAccessorImpl.invoke(NativeMethodAccessorImpl.java:62)\n\tat sun.reflect.DelegatingMethodAccessorImpl.invoke(DelegatingMethodAccessorImpl.java:43)\n\tat java.lang.reflect.Method.invoke(Method.java:498)\n\tat org.testng.internal.MethodInvocationHelper.invokeMethod(MethodInvocationHelper.java:124)\n\tat org.testng.internal.Invoker.invokeMethod(Invoker.java:583)\n\tat org.testng.internal.Invoker.invokeTestMethod(Invoker.java:719)\n\tat org.testng.internal.Invoker.invokeTestMethods(Invoker.java:989)\n\tat org.testng.internal.TestMethodWorker.invokeTestMethods(TestMethodWorker.java:125)\n\tat org.testng.internal.TestMethodWorker.run(TestMethodWorker.java:109)\n\tat java.util.concurrent.ThreadPoolExecutor.runWorker(ThreadPoolExecutor.java:1149)\n\tat java.util.concurrent.ThreadPoolExecutor$Worker.run(ThreadPoolExecutor.java:624)\n\tat java.lang.Thread.run(Thread.java:748)\nCaused by: org.openqa.selenium.NoSuchElementException: An element could not be located on the page using the given search parameters.\nFor documentation on this error, please visit: https://www.seleniumhq.org/exceptions/no_such_element.html\nBuild info: version: '3.141.59', revision: 'e82be7d358', time: '2018-11-14T08:17:03'\nSystem info: host: 'Faizals-MacBook-Pro.local', ip: 'fe80:0:0:0:1460:b97b:7e0d:fc85%en0', os.name: 'Mac OS X', os.arch: 'x86_64', os.version: '10.15.6', java.version: '1.8.0_251'\nDriver info: io.appium.java_client.android.AndroidDriver\nCapabilities {app: /home/radmin/build/raid-dat..., appActivity: com.smartfren.switchmobile...., appPackage: com.smartfren.switchmobile, automationName: uiautomator2, chromedriverPort: 30062, databaseEnabled: false, desired: {app: /home/radmin/build/raid-dat..., appActivity: com.smartfren.switchmobile...., appPackage: com.smartfren.switchmobile, automationName: uiautomator2, chromedriverPort: 30062, deviceName: 631, launchTimeout: 90000, newCommandTimeout: 600, pCloudy_ApiKey: ybrf4d2k3jv496f5x53w93wc, pCloudy_ApplicationName: app-production-release-1602..., pCloudy_DeviceFullName: SAMSUNG_GalaxyM51_Android_1..., pCloudy_DurationInMinutes: 50, pCloudy_Username: pramoda.kumar@smartfren.com, pCloudy_WildNet: true, platformName: android, platformVersion: 10.0.0, systemPort: 30064, udid: RZ8N912YP2X}, deviceApiLevel: 29, deviceManufacturer: samsung, deviceModel: SM-M515F, deviceName: RZ8N912YP2X, deviceScreenDensity: 420, deviceScreenSize: 1080x2400, deviceUDID: RZ8N912YP2X, javascriptEnabled: true, launchTimeout: 90000, locationContextEnabled: false, networkConnectionEnabled: true, newCommandTimeout: 600, pCloudy_ApiKey: ybrf4d2k3jv496f5x53w93wc, pCloudy_ApplicationName: app-production-release-1602..., pCloudy_DeviceFullName: SAMSUNG_GalaxyM51_Android_1..., pCloudy_DurationInMinutes: 50, pCloudy_Username: pramoda.kumar@smartfren.com, pCloudy_WildNet: true, pixelRatio: 2.625, platform: LINUX, platformName: Android, platformVersion: 10, statBarHeight: 91, systemPort: 30064, takesScreenshot: true, udid: RZ8N912YP2X, viewportRect: {height: 2092, left: 0, top: 91, width: 1080}, warnings: {}, webStorageEnabled: false}\nSession ID: 1f41730e-4546-49dd-a81a-f0968c67d39b\n*** Element info: {Using=id, value=com.smartfren.switchmobile:id/firstName}\n\tat sun.reflect.NativeConstructorAccessorImpl.newInstance0(Native Method)\n\tat sun.reflect.NativeConstructorAccessorImpl.newInstance(NativeConstructorAccessorImpl.java:62)\n\tat sun.reflect.DelegatingConstructorAccessorImpl.newInstance(DelegatingConstructorAccessorImpl.java:45)\n\tat java.lang.reflect.Constructor.newInstance(Constructor.java:423)\n\tat org.openqa.selenium.remote.http.W3CHttpResponseCodec.createException(W3CHttpResponseCodec.java:187)\n\tat org.openqa.selenium.remote.http.W3CHttpResponseCodec.decode(W3CHttpResponseCodec.java:122)\n\tat org.openqa.selenium.remote.http.W3CHttpResponseCodec.decode(W3CHttpResponseCodec.java:49)\n\tat org.openqa.selenium.remote.HttpCommandExecutor.execute(HttpCommandExecutor.java:158)\n\tat io.appium.java_client.remote.AppiumCommandExecutor.execute(AppiumCommandExecutor.java:239)\n\tat org.openqa.selenium.remote.RemoteWebDriver.execute(RemoteWebDriver.java:552)\n\tat io.appium.java_client.DefaultGenericMobileDriver.execute(DefaultGenericMobileDriver.java:41)\n\tat io.appium.java_client.AppiumDriver.execute(AppiumDriver.java:1)\n\tat io.appium.java_client.android.AndroidDriver.execute(AndroidDriver.java:1)\n\tat org.openqa.selenium.remote.RemoteWebDriver.findElement(RemoteWebDriver.java:323)\n\tat io.appium.java_client.DefaultGenericMobileDriver.findElement(DefaultGenericMobileDriver.java:61)\n\tat io.appium.java_client.AppiumDriver.findElement(AppiumDriver.java:1)\n\tat io.appium.java_client.android.AndroidDriver.findElement(AndroidDriver.java:1)\n\tat org.openqa.selenium.remote.RemoteWebDriver.findElementById(RemoteWebDriver.java:372)\n\tat io.appium.java_client.DefaultGenericMobileDriver.findElementById(DefaultGenericMobileDriver.java:69)\n\tat io.appium.java_client.AppiumDriver.findElementById(AppiumDriver.java:1)\n\tat io.appium.java_client.android.AndroidDriver.findElementById(AndroidDriver.java:1)\n\tat org.openqa.selenium.By$ById.findElement(By.java:188)\n\tat org.openqa.selenium.remote.RemoteWebDriver.findElement(RemoteWebDriver.java:315)\n\tat io.appium.java_client.DefaultGenericMobileDriver.findElement(DefaultGenericMobileDriver.java:57)\n\tat io.appium.java_client.AppiumDriver.findElement(AppiumDriver.java:1)\n\tat io.appium.java_client.android.AndroidDriver.findElement(AndroidDriver.java:1)\n\tat org.openqa.selenium.support.ui.ExpectedConditions$7.apply(ExpectedConditions.java:205)\n\tat org.openqa.selenium.support.ui.ExpectedConditions$7.apply(ExpectedConditions.java:201)\n\tat org.openqa.selenium.support.ui.FluentWait.until(FluentWait.java:249)\n\t... 20 more\n"},"stage":"finished","description":"Go To Homepage Unsuccessfully Using Invalid Email","steps":[{"name":"User Do Invalid Login Using Unregistered Email","status":"broken","statusDetails":{"known":false,"muted":false,"flaky":false,"message":"Expected condition failed: waiting for visibility of element located by By.id: com.smartfren.switchmobile:id/firstName (tried for 10 second(s) with 500 milliseconds interval)","trace":"org.openqa.selenium.TimeoutException: Expected condition failed: waiting for visibility of element located by By.id: com.smartfren.switchmobile:id/firstName (tried for 10 second(s) with 500 milliseconds interval)\n\tat org.openqa.selenium.support.ui.WebDriverWait.timeoutException(WebDriverWait.java:95)\n\tat org.openqa.selenium.support.ui.FluentWait.until(FluentWait.java:272)\n\tat utilities.finders.ElementAction.waitUntilElement(ElementAction.java:15)\n\tat utilities.finders.ElementAction.getText(ElementAction.java:24)\n\tat operation.BaseLanding.welcomeDesc(BaseLanding.java:68)\n\tat operation.BaseLanding.checkValidationWelcomeText(BaseLanding.java:97)\n\tat pages.LoginPages.testInvalidLogin(LoginPages.java:29)\n\tat pages.LoginPages.testInvalidUnregisteredEmailLogin(LoginPages.java:42)\n\tat tests.LoginITest.checkInvalidUnregisteredEmail(LoginITest.java:39)\n\tat sun.reflect.NativeMethodAccessorImpl.invoke0(Native Method)\n\tat sun.reflect.NativeMethodAccessorImpl.invoke(NativeMethodAccessorImpl.java:62)\n\tat sun.reflect.DelegatingMethodAccessorImpl.invoke(DelegatingMethodAccessorImpl.java:43)\n\tat java.lang.reflect.Method.invoke(Method.java:498)\n\tat org.testng.internal.MethodInvocationHelper.invokeMethod(MethodInvocationHelper.java:124)\n\tat org.testng.internal.Invoker.invokeMethod(Invoker.java:583)\n\tat org.testng.internal.Invoker.invokeTestMethod(Invoker.java:719)\n\tat org.testng.internal.Invoker.invokeTestMethods(Invoker.java:989)\n\tat org.testng.internal.TestMethodWorker.invokeTestMethods(TestMethodWorker.java:125)\n\tat org.testng.internal.TestMethodWorker.run(TestMethodWorker.java:109)\n\tat java.util.concurrent.ThreadPoolExecutor.runWorker(ThreadPoolExecutor.java:1149)\n\tat java.util.concurrent.ThreadPoolExecutor$Worker.run(ThreadPoolExecutor.java:624)\n\tat java.lang.Thread.run(Thread.java:748)\nCaused by: org.openqa.selenium.NoSuchElementException: An element could not be located on the page using the given search parameters.\nFor documentation on this error, please visit: https://www.seleniumhq.org/exceptions/no_such_element.html\nBuild info: version: '3.141.59', revision: 'e82be7d358', time: '2018-11-14T08:17:03'\nSystem info: host: 'Faizals-MacBook-Pro.local', ip: 'fe80:0:0:0:1460:b97b:7e0d:fc85%en0', os.name: 'Mac OS X', os.arch: 'x86_64', os.version: '10.15.6', java.version: '1.8.0_251'\nDriver info: io.appium.java_client.android.AndroidDriver\nCapabilities {app: /home/radmin/build/raid-dat..., appActivity: com.smartfren.switchmobile...., appPackage: com.smartfren.switchmobile, automationName: uiautomator2, chromedriverPort: 30062, databaseEnabled: false, desired: {app: /home/radmin/build/raid-dat..., appActivity: com.smartfren.switchmobile...., appPackage: com.smartfren.switchmobile, automationName: uiautomator2, chromedriverPort: 30062, deviceName: 631, launchTimeout: 90000, newCommandTimeout: 600, pCloudy_ApiKey: ybrf4d2k3jv496f5x53w93wc, pCloudy_ApplicationName: app-production-release-1602..., pCloudy_DeviceFullName: SAMSUNG_GalaxyM51_Android_1..., pCloudy_DurationInMinutes: 50, pCloudy_Username: pramoda.kumar@smartfren.com, pCloudy_WildNet: true, platformName: android, platformVersion: 10.0.0, systemPort: 30064, udid: RZ8N912YP2X}, deviceApiLevel: 29, deviceManufacturer: samsung, deviceModel: SM-M515F, deviceName: RZ8N912YP2X, deviceScreenDensity: 420, deviceScreenSize: 1080x2400, deviceUDID: RZ8N912YP2X, javascriptEnabled: true, launchTimeout: 90000, locationContextEnabled: false, networkConnectionEnabled: true, newCommandTimeout: 600, pCloudy_ApiKey: ybrf4d2k3jv496f5x53w93wc, pCloudy_ApplicationName: app-production-release-1602..., pCloudy_DeviceFullName: SAMSUNG_GalaxyM51_Android_1..., pCloudy_DurationInMinutes: 50, pCloudy_Username: pramoda.kumar@smartfren.com, pCloudy_WildNet: true, pixelRatio: 2.625, platform: LINUX, platformName: Android, platformVersion: 10, statBarHeight: 91, systemPort: 30064, takesScreenshot: true, udid: RZ8N912YP2X, viewportRect: {height: 2092, left: 0, top: 91, width: 1080}, warnings: {}, webStorageEnabled: false}\nSession ID: 1f41730e-4546-49dd-a81a-f0968c67d39b\n*** Element info: {Using=id, value=com.smartfren.switchmobile:id/firstName}\n\tat sun.reflect.NativeConstructorAccessorImpl.newInstance0(Native Method)\n\tat sun.reflect.NativeConstructorAccessorImpl.newInstance(NativeConstructorAccessorImpl.java:62)\n\tat sun.reflect.DelegatingConstructorAccessorImpl.newInstance(DelegatingConstructorAccessorImpl.java:45)\n\tat java.lang.reflect.Constructor.newInstance(Constructor.java:423)\n\tat org.openqa.selenium.remote.http.W3CHttpResponseCodec.createException(W3CHttpResponseCodec.java:187)\n\tat org.openqa.selenium.remote.http.W3CHttpResponseCodec.decode(W3CHttpResponseCodec.java:122)\n\tat org.openqa.selenium.remote.http.W3CHttpResponseCodec.decode(W3CHttpResponseCodec.java:49)\n\tat org.openqa.selenium.remote.HttpCommandExecutor.execute(HttpCommandExecutor.java:158)\n\tat io.appium.java_client.remote.AppiumCommandExecutor.execute(AppiumCommandExecutor.java:239)\n\tat org.openqa.selenium.remote.RemoteWebDriver.execute(RemoteWebDriver.java:552)\n\tat io.appium.java_client.DefaultGenericMobileDriver.execute(DefaultGenericMobileDriver.java:41)\n\tat io.appium.java_client.AppiumDriver.execute(AppiumDriver.java:1)\n\tat io.appium.java_client.android.AndroidDriver.execute(AndroidDriver.java:1)\n\tat org.openqa.selenium.remote.RemoteWebDriver.findElement(RemoteWebDriver.java:323)\n\tat io.appium.java_client.DefaultGenericMobileDriver.findElement(DefaultGenericMobileDriver.java:61)\n\tat io.appium.java_client.AppiumDriver.findElement(AppiumDriver.java:1)\n\tat io.appium.java_client.android.AndroidDriver.findElement(AndroidDriver.java:1)\n\tat org.openqa.selenium.remote.RemoteWebDriver.findElementById(RemoteWebDriver.java:372)\n\tat io.appium.java_client.DefaultGenericMobileDriver.findElementById(DefaultGenericMobileDriver.java:69)\n\tat io.appium.java_client.AppiumDriver.findElementById(AppiumDriver.java:1)\n\tat io.appium.java_client.android.AndroidDriver.findElementById(AndroidDriver.java:1)\n\tat org.openqa.selenium.By$ById.findElement(By.java:188)\n\tat org.openqa.selenium.remote.RemoteWebDriver.findElement(RemoteWebDriver.java:315)\n\tat io.appium.java_client.DefaultGenericMobileDriver.findElement(DefaultGenericMobileDriver.java:57)\n\tat io.appium.java_client.AppiumDriver.findElement(AppiumDriver.java:1)\n\tat io.appium.java_client.android.AndroidDriver.findElement(AndroidDriver.java:1)\n\tat org.openqa.selenium.support.ui.ExpectedConditions$7.apply(ExpectedConditions.java:205)\n\tat org.openqa.selenium.support.ui.ExpectedConditions$7.apply(ExpectedConditions.java:201)\n\tat org.openqa.selenium.support.ui.FluentWait.until(FluentWait.java:249)\n\t... 20 more\n"},"stage":"finished","steps":[{"name":"User Do Invalid Login Input Username","status":"broken","statusDetails":{"known":false,"muted":false,"flaky":false,"message":"Expected condition failed: waiting for visibility of element located by By.id: com.smartfren.switchmobile:id/firstName (tried for 10 second(s) with 500 milliseconds interval)","trace":"org.openqa.selenium.TimeoutException: Expected condition failed: waiting for visibility of element located by By.id: com.smartfren.switchmobile:id/firstName (tried for 10 second(s) with 500 milliseconds interval)\n\tat org.openqa.selenium.support.ui.WebDriverWait.timeoutException(WebDriverWait.java:95)\n\tat org.openqa.selenium.support.ui.FluentWait.until(FluentWait.java:272)\n\tat utilities.finders.ElementAction.waitUntilElement(ElementAction.java:15)\n\tat utilities.finders.ElementAction.getText(ElementAction.java:24)\n\tat operation.BaseLanding.welcomeDesc(BaseLanding.java:68)\n\tat operation.BaseLanding.checkValidationWelcomeText(BaseLanding.java:97)\n\tat pages.LoginPages.testInvalidLogin(LoginPages.java:29)\n\tat pages.LoginPages.testInvalidUnregisteredEmailLogin(LoginPages.java:42)\n\tat tests.LoginITest.checkInvalidUnregisteredEmail(LoginITest.java:39)\n\tat sun.reflect.NativeMethodAccessorImpl.invoke0(Native Method)\n\tat sun.reflect.NativeMethodAccessorImpl.invoke(NativeMethodAccessorImpl.java:62)\n\tat sun.reflect.DelegatingMethodAccessorImpl.invoke(DelegatingMethodAccessorImpl.java:43)\n\tat java.lang.reflect.Method.invoke(Method.java:498)\n\tat org.testng.internal.MethodInvocationHelper.invokeMethod(MethodInvocationHelper.java:124)\n\tat org.testng.internal.Invoker.invokeMethod(Invoker.java:583)\n\tat org.testng.internal.Invoker.invokeTestMethod(Invoker.java:719)\n\tat org.testng.internal.Invoker.invokeTestMethods(Invoker.java:989)\n\tat org.testng.internal.TestMethodWorker.invokeTestMethods(TestMethodWorker.java:125)\n\tat org.testng.internal.TestMethodWorker.run(TestMethodWorker.java:109)\n\tat java.util.concurrent.ThreadPoolExecutor.runWorker(ThreadPoolExecutor.java:1149)\n\tat java.util.concurrent.ThreadPoolExecutor$Worker.run(ThreadPoolExecutor.java:624)\n\tat java.lang.Thread.run(Thread.java:748)\nCaused by: org.openqa.selenium.NoSuchElementException: An element could not be located on the page using the given search parameters.\nFor documentation on this error, please visit: https://www.seleniumhq.org/exceptions/no_such_element.html\nBuild info: version: '3.141.59', revision: 'e82be7d358', time: '2018-11-14T08:17:03'\nSystem info: host: 'Faizals-MacBook-Pro.local', ip: 'fe80:0:0:0:1460:b97b:7e0d:fc85%en0', os.name: 'Mac OS X', os.arch: 'x86_64', os.version: '10.15.6', java.version: '1.8.0_251'\nDriver info: io.appium.java_client.android.AndroidDriver\nCapabilities {app: /home/radmin/build/raid-dat..., appActivity: com.smartfren.switchmobile...., appPackage: com.smartfren.switchmobile, automationName: uiautomator2, chromedriverPort: 30062, databaseEnabled: false, desired: {app: /home/radmin/build/raid-dat..., appActivity: com.smartfren.switchmobile...., appPackage: com.smartfren.switchmobile, automationName: uiautomator2, chromedriverPort: 30062, deviceName: 631, launchTimeout: 90000, newCommandTimeout: 600, pCloudy_ApiKey: ybrf4d2k3jv496f5x53w93wc, pCloudy_ApplicationName: app-production-release-1602..., pCloudy_DeviceFullName: SAMSUNG_GalaxyM51_Android_1..., pCloudy_DurationInMinutes: 50, pCloudy_Username: pramoda.kumar@smartfren.com, pCloudy_WildNet: true, platformName: android, platformVersion: 10.0.0, systemPort: 30064, udid: RZ8N912YP2X}, deviceApiLevel: 29, deviceManufacturer: samsung, deviceModel: SM-M515F, deviceName: RZ8N912YP2X, deviceScreenDensity: 420, deviceScreenSize: 1080x2400, deviceUDID: RZ8N912YP2X, javascriptEnabled: true, launchTimeout: 90000, locationContextEnabled: false, networkConnectionEnabled: true, newCommandTimeout: 600, pCloudy_ApiKey: ybrf4d2k3jv496f5x53w93wc, pCloudy_ApplicationName: app-production-release-1602..., pCloudy_DeviceFullName: SAMSUNG_GalaxyM51_Android_1..., pCloudy_DurationInMinutes: 50, pCloudy_Username: pramoda.kumar@smartfren.com, pCloudy_WildNet: true, pixelRatio: 2.625, platform: LINUX, platformName: Android, platformVersion: 10, statBarHeight: 91, systemPort: 30064, takesScreenshot: true, udid: RZ8N912YP2X, viewportRect: {height: 2092, left: 0, top: 91, width: 1080}, warnings: {}, webStorageEnabled: false}\nSession ID: 1f41730e-4546-49dd-a81a-f0968c67d39b\n*** Element info: {Using=id, value=com.smartfren.switchmobile:id/firstName}\n\tat sun.reflect.NativeConstructorAccessorImpl.newInstance0(Native Method)\n\tat sun.reflect.NativeConstructorAccessorImpl.newInstance(NativeConstructorAccessorImpl.java:62)\n\tat sun.reflect.DelegatingConstructorAccessorImpl.newInstance(DelegatingConstructorAccessorImpl.java:45)\n\tat java.lang.reflect.Constructor.newInstance(Constructor.java:423)\n\tat org.openqa.selenium.remote.http.W3CHttpResponseCodec.createException(W3CHttpResponseCodec.java:187)\n\tat org.openqa.selenium.remote.http.W3CHttpResponseCodec.decode(W3CHttpResponseCodec.java:122)\n\tat org.openqa.selenium.remote.http.W3CHttpResponseCodec.decode(W3CHttpResponseCodec.java:49)\n\tat org.openqa.selenium.remote.HttpCommandExecutor.execute(HttpCommandExecutor.java:158)\n\tat io.appium.java_client.remote.AppiumCommandExecutor.execute(AppiumCommandExecutor.java:239)\n\tat org.openqa.selenium.remote.RemoteWebDriver.execute(RemoteWebDriver.java:552)\n\tat io.appium.java_client.DefaultGenericMobileDriver.execute(DefaultGenericMobileDriver.java:41)\n\tat io.appium.java_client.AppiumDriver.execute(AppiumDriver.java:1)\n\tat io.appium.java_client.android.AndroidDriver.execute(AndroidDriver.java:1)\n\tat org.openqa.selenium.remote.RemoteWebDriver.findElement(RemoteWebDriver.java:323)\n\tat io.appium.java_client.DefaultGenericMobileDriver.findElement(DefaultGenericMobileDriver.java:61)\n\tat io.appium.java_client.AppiumDriver.findElement(AppiumDriver.java:1)\n\tat io.appium.java_client.android.AndroidDriver.findElement(AndroidDriver.java:1)\n\tat org.openqa.selenium.remote.RemoteWebDriver.findElementById(RemoteWebDriver.java:372)\n\tat io.appium.java_client.DefaultGenericMobileDriver.findElementById(DefaultGenericMobileDriver.java:69)\n\tat io.appium.java_client.AppiumDriver.findElementById(AppiumDriver.java:1)\n\tat io.appium.java_client.android.AndroidDriver.findElementById(AndroidDriver.java:1)\n\tat org.openqa.selenium.By$ById.findElement(By.java:188)\n\tat org.openqa.selenium.remote.RemoteWebDriver.findElement(RemoteWebDriver.java:315)\n\tat io.appium.java_client.DefaultGenericMobileDriver.findElement(DefaultGenericMobileDriver.java:57)\n\tat io.appium.java_client.AppiumDriver.findElement(AppiumDriver.java:1)\n\tat io.appium.java_client.android.AndroidDriver.findElement(AndroidDriver.java:1)\n\tat org.openqa.selenium.support.ui.ExpectedConditions$7.apply(ExpectedConditions.java:205)\n\tat org.openqa.selenium.support.ui.ExpectedConditions$7.apply(ExpectedConditions.java:201)\n\tat org.openqa.selenium.support.ui.FluentWait.until(FluentWait.java:249)\n\t... 20 more\n"},"stage":"finished","steps":[],"attachments":[],"parameters":[{"name":"username","value":"haris@smart.com"}],"start":1602574468881,"stop":1602574513130}],"attachments":[],"parameters":[{"name":"username","value":"haris@smart.com"}],"start":1602574468881,"stop":1602574513131}],"attachments":[{"name":"screenShot","source":"efa66b47-e4f3-48eb-a807-2a44f49adac6-attachment"},{"name":"Page Screenshot","source":"6984bfda-ae65-462f-822e-1ee3ed9e510d-attachment","type":"image/png"}],"parameters":[{"name":"deviceName","value":"Samsung"}],"start":1602574468880,"stop":1602574515401,"uuid":"308a74d2-0d2a-4796-9c4e-005d3664810c","historyId":"f21f3c6921997c210aff64d98ee7ee5e","fullName":"tests.LoginITest.checkInvalidUnregisteredEmail","labels":[{"name":"package","value":"tests.LoginITest"},{"name":"testClass","value":"tests.LoginITest"},{"name":"testMethod","value":"checkInvalidUnregisteredEmail"},{"name":"parentSuite","value":"pCloud-Switch-Regression"},{"name":"suite","value":"Switch Automation Regression"},{"name":"subSuite","value":"tests.LoginITest"},{"name":"host","value":"Faizals-MacBook-Pro.local"},{"name":"thread","value":"6336@Faizals-MacBook-Pro.local.TestNG-test=Switch Automation Regression-2(24)"},{"name":"framework","value":"testng"},{"name":"language","value":"java"},{"name":"story","value":"Story Name : Check Login"},{"name":"severity","value":"critical"}],"links":[]}