{"name":"Switch_SignUp_002 - User able to sign up using valid unregistered google account","status":"broken","statusDetails":{"known":false,"muted":false,"flaky":false,"message":"Expected condition failed: waiting for visibility of element located by By.id: com.smartfren.switchmobile:id/Next (tried for 20 second(s) with 500 milliseconds interval)","trace":"org.openqa.selenium.TimeoutException: Expected condition failed: waiting for visibility of element located by By.id: com.smartfren.switchmobile:id/Next (tried for 20 second(s) with 500 milliseconds interval)\n\tat org.openqa.selenium.support.ui.WebDriverWait.timeoutException(WebDriverWait.java:95)\n\tat org.openqa.selenium.support.ui.FluentWait.until(FluentWait.java:272)\n\tat utilities.finders.ElementAction.waitUntilElement(ElementAction.java:17)\n\tat utilities.finders.ElementAction.click(ElementAction.java:21)\n\tat pages.LandingPages.testGoToSignUpPage(LandingPages.java:32)\n\tat tests.LandingITest.checkGoToSignUpPage(LandingITest.java:27)\n\tat tests.SignUpITest.checkValidSignUpUsingGoogle(SignUpITest.java:34)\n\tat sun.reflect.NativeMethodAccessorImpl.invoke0(Native Method)\n\tat sun.reflect.NativeMethodAccessorImpl.invoke(NativeMethodAccessorImpl.java:62)\n\tat sun.reflect.DelegatingMethodAccessorImpl.invoke(DelegatingMethodAccessorImpl.java:43)\n\tat java.lang.reflect.Method.invoke(Method.java:498)\n\tat org.testng.internal.MethodInvocationHelper.invokeMethod(MethodInvocationHelper.java:124)\n\tat org.testng.internal.Invoker.invokeMethod(Invoker.java:583)\n\tat org.testng.internal.Invoker.invokeTestMethod(Invoker.java:719)\n\tat org.testng.internal.Invoker.invokeTestMethods(Invoker.java:989)\n\tat org.testng.internal.TestMethodWorker.invokeTestMethods(TestMethodWorker.java:125)\n\tat org.testng.internal.TestMethodWorker.run(TestMethodWorker.java:109)\n\tat java.util.concurrent.ThreadPoolExecutor.runWorker(ThreadPoolExecutor.java:1149)\n\tat java.util.concurrent.ThreadPoolExecutor$Worker.run(ThreadPoolExecutor.java:624)\n\tat java.lang.Thread.run(Thread.java:748)\nCaused by: org.openqa.selenium.NoSuchElementException: An element could not be located on the page using the given search parameters.\nFor documentation on this error, please visit: https://www.seleniumhq.org/exceptions/no_such_element.html\nBuild info: version: '3.141.59', revision: 'e82be7d358', time: '2018-11-14T08:17:03'\nSystem info: host: 'Faizals-MacBook-Pro.local', ip: 'fe80:0:0:0:1460:b97b:7e0d:fc85%en0', os.name: 'Mac OS X', os.arch: 'x86_64', os.version: '10.15.6', java.version: '1.8.0_251'\nDriver info: io.appium.java_client.android.AndroidDriver\nCapabilities {app: /Users/faizalprakoso/Docume..., appActivity: com.smartfren.switchmobile...., appPackage: com.smartfren.switchmobile, autoGrantPermissions: true, databaseEnabled: false, desired: {app: /Users/faizalprakoso/Docume..., appActivity: com.smartfren.switchmobile...., appPackage: com.smartfren.switchmobile, autoGrantPermissions: true, noReset: true, platformName: android, platformVersion: 8.1.0, udid: emulator-5554}, deviceApiLevel: 28, deviceManufacturer: Google, deviceModel: AOSP on IA Emulator, deviceName: emulator-5554, deviceScreenDensity: 480, deviceScreenSize: 1080x1920, deviceUDID: emulator-5554, javascriptEnabled: true, locationContextEnabled: false, networkConnectionEnabled: true, noReset: true, pixelRatio: 3, platform: LINUX, platformName: ANDROID, platformVersion: 9, statBarHeight: 72, takesScreenshot: true, udid: emulator-5554, viewportRect: {height: 1704, left: 0, top: 72, width: 1080}, warnings: {}, webStorageEnabled: false}\nSession ID: 542468f7-0605-4d1c-8111-c3c080f7038b\n*** Element info: {Using=id, value=com.smartfren.switchmobile:id/Next}\n\tat sun.reflect.NativeConstructorAccessorImpl.newInstance0(Native Method)\n\tat sun.reflect.NativeConstructorAccessorImpl.newInstance(NativeConstructorAccessorImpl.java:62)\n\tat sun.reflect.DelegatingConstructorAccessorImpl.newInstance(DelegatingConstructorAccessorImpl.java:45)\n\tat java.lang.reflect.Constructor.newInstance(Constructor.java:423)\n\tat org.openqa.selenium.remote.http.W3CHttpResponseCodec.createException(W3CHttpResponseCodec.java:187)\n\tat org.openqa.selenium.remote.http.W3CHttpResponseCodec.decode(W3CHttpResponseCodec.java:122)\n\tat org.openqa.selenium.remote.http.W3CHttpResponseCodec.decode(W3CHttpResponseCodec.java:49)\n\tat org.openqa.selenium.remote.HttpCommandExecutor.execute(HttpCommandExecutor.java:158)\n\tat io.appium.java_client.remote.AppiumCommandExecutor.execute(AppiumCommandExecutor.java:239)\n\tat org.openqa.selenium.remote.RemoteWebDriver.execute(RemoteWebDriver.java:552)\n\tat io.appium.java_client.DefaultGenericMobileDriver.execute(DefaultGenericMobileDriver.java:41)\n\tat io.appium.java_client.AppiumDriver.execute(AppiumDriver.java:1)\n\tat io.appium.java_client.android.AndroidDriver.execute(AndroidDriver.java:1)\n\tat org.openqa.selenium.remote.RemoteWebDriver.findElement(RemoteWebDriver.java:323)\n\tat io.appium.java_client.DefaultGenericMobileDriver.findElement(DefaultGenericMobileDriver.java:61)\n\tat io.appium.java_client.AppiumDriver.findElement(AppiumDriver.java:1)\n\tat io.appium.java_client.android.AndroidDriver.findElement(AndroidDriver.java:1)\n\tat org.openqa.selenium.remote.RemoteWebDriver.findElementById(RemoteWebDriver.java:372)\n\tat io.appium.java_client.DefaultGenericMobileDriver.findElementById(DefaultGenericMobileDriver.java:69)\n\tat io.appium.java_client.AppiumDriver.findElementById(AppiumDriver.java:1)\n\tat io.appium.java_client.android.AndroidDriver.findElementById(AndroidDriver.java:1)\n\tat org.openqa.selenium.By$ById.findElement(By.java:188)\n\tat org.openqa.selenium.remote.RemoteWebDriver.findElement(RemoteWebDriver.java:315)\n\tat io.appium.java_client.DefaultGenericMobileDriver.findElement(DefaultGenericMobileDriver.java:57)\n\tat io.appium.java_client.AppiumDriver.findElement(AppiumDriver.java:1)\n\tat io.appium.java_client.android.AndroidDriver.findElement(AndroidDriver.java:1)\n\tat org.openqa.selenium.support.ui.ExpectedConditions$7.apply(ExpectedConditions.java:205)\n\tat org.openqa.selenium.support.ui.ExpectedConditions$7.apply(ExpectedConditions.java:201)\n\tat org.openqa.selenium.support.ui.FluentWait.until(FluentWait.java:249)\n\t... 18 more\n"},"stage":"finished","description":"Verify that User can sign up using google account.","steps":[{"name":"Click Button Sign Up","status":"broken","statusDetails":{"known":false,"muted":false,"flaky":false,"message":"Expected condition failed: waiting for visibility of element located by By.id: com.smartfren.switchmobile:id/Next (tried for 20 second(s) with 500 milliseconds interval)","trace":"org.openqa.selenium.TimeoutException: Expected condition failed: waiting for visibility of element located by By.id: com.smartfren.switchmobile:id/Next (tried for 20 second(s) with 500 milliseconds interval)\n\tat org.openqa.selenium.support.ui.WebDriverWait.timeoutException(WebDriverWait.java:95)\n\tat org.openqa.selenium.support.ui.FluentWait.until(FluentWait.java:272)\n\tat utilities.finders.ElementAction.waitUntilElement(ElementAction.java:17)\n\tat utilities.finders.ElementAction.click(ElementAction.java:21)\n\tat pages.LandingPages.testGoToSignUpPage(LandingPages.java:32)\n\tat tests.LandingITest.checkGoToSignUpPage(LandingITest.java:27)\n\tat tests.SignUpITest.checkValidSignUpUsingGoogle(SignUpITest.java:34)\n\tat sun.reflect.NativeMethodAccessorImpl.invoke0(Native Method)\n\tat sun.reflect.NativeMethodAccessorImpl.invoke(NativeMethodAccessorImpl.java:62)\n\tat sun.reflect.DelegatingMethodAccessorImpl.invoke(DelegatingMethodAccessorImpl.java:43)\n\tat java.lang.reflect.Method.invoke(Method.java:498)\n\tat org.testng.internal.MethodInvocationHelper.invokeMethod(MethodInvocationHelper.java:124)\n\tat org.testng.internal.Invoker.invokeMethod(Invoker.java:583)\n\tat org.testng.internal.Invoker.invokeTestMethod(Invoker.java:719)\n\tat org.testng.internal.Invoker.invokeTestMethods(Invoker.java:989)\n\tat org.testng.internal.TestMethodWorker.invokeTestMethods(TestMethodWorker.java:125)\n\tat org.testng.internal.TestMethodWorker.run(TestMethodWorker.java:109)\n\tat java.util.concurrent.ThreadPoolExecutor.runWorker(ThreadPoolExecutor.java:1149)\n\tat java.util.concurrent.ThreadPoolExecutor$Worker.run(ThreadPoolExecutor.java:624)\n\tat java.lang.Thread.run(Thread.java:748)\nCaused by: org.openqa.selenium.NoSuchElementException: An element could not be located on the page using the given search parameters.\nFor documentation on this error, please visit: https://www.seleniumhq.org/exceptions/no_such_element.html\nBuild info: version: '3.141.59', revision: 'e82be7d358', time: '2018-11-14T08:17:03'\nSystem info: host: 'Faizals-MacBook-Pro.local', ip: 'fe80:0:0:0:1460:b97b:7e0d:fc85%en0', os.name: 'Mac OS X', os.arch: 'x86_64', os.version: '10.15.6', java.version: '1.8.0_251'\nDriver info: io.appium.java_client.android.AndroidDriver\nCapabilities {app: /Users/faizalprakoso/Docume..., appActivity: com.smartfren.switchmobile...., appPackage: com.smartfren.switchmobile, autoGrantPermissions: true, databaseEnabled: false, desired: {app: /Users/faizalprakoso/Docume..., appActivity: com.smartfren.switchmobile...., appPackage: com.smartfren.switchmobile, autoGrantPermissions: true, noReset: true, platformName: android, platformVersion: 8.1.0, udid: emulator-5554}, deviceApiLevel: 28, deviceManufacturer: Google, deviceModel: AOSP on IA Emulator, deviceName: emulator-5554, deviceScreenDensity: 480, deviceScreenSize: 1080x1920, deviceUDID: emulator-5554, javascriptEnabled: true, locationContextEnabled: false, networkConnectionEnabled: true, noReset: true, pixelRatio: 3, platform: LINUX, platformName: ANDROID, platformVersion: 9, statBarHeight: 72, takesScreenshot: true, udid: emulator-5554, viewportRect: {height: 1704, left: 0, top: 72, width: 1080}, warnings: {}, webStorageEnabled: false}\nSession ID: 542468f7-0605-4d1c-8111-c3c080f7038b\n*** Element info: {Using=id, value=com.smartfren.switchmobile:id/Next}\n\tat sun.reflect.NativeConstructorAccessorImpl.newInstance0(Native Method)\n\tat sun.reflect.NativeConstructorAccessorImpl.newInstance(NativeConstructorAccessorImpl.java:62)\n\tat sun.reflect.DelegatingConstructorAccessorImpl.newInstance(DelegatingConstructorAccessorImpl.java:45)\n\tat java.lang.reflect.Constructor.newInstance(Constructor.java:423)\n\tat org.openqa.selenium.remote.http.W3CHttpResponseCodec.createException(W3CHttpResponseCodec.java:187)\n\tat org.openqa.selenium.remote.http.W3CHttpResponseCodec.decode(W3CHttpResponseCodec.java:122)\n\tat org.openqa.selenium.remote.http.W3CHttpResponseCodec.decode(W3CHttpResponseCodec.java:49)\n\tat org.openqa.selenium.remote.HttpCommandExecutor.execute(HttpCommandExecutor.java:158)\n\tat io.appium.java_client.remote.AppiumCommandExecutor.execute(AppiumCommandExecutor.java:239)\n\tat org.openqa.selenium.remote.RemoteWebDriver.execute(RemoteWebDriver.java:552)\n\tat io.appium.java_client.DefaultGenericMobileDriver.execute(DefaultGenericMobileDriver.java:41)\n\tat io.appium.java_client.AppiumDriver.execute(AppiumDriver.java:1)\n\tat io.appium.java_client.android.AndroidDriver.execute(AndroidDriver.java:1)\n\tat org.openqa.selenium.remote.RemoteWebDriver.findElement(RemoteWebDriver.java:323)\n\tat io.appium.java_client.DefaultGenericMobileDriver.findElement(DefaultGenericMobileDriver.java:61)\n\tat io.appium.java_client.AppiumDriver.findElement(AppiumDriver.java:1)\n\tat io.appium.java_client.android.AndroidDriver.findElement(AndroidDriver.java:1)\n\tat org.openqa.selenium.remote.RemoteWebDriver.findElementById(RemoteWebDriver.java:372)\n\tat io.appium.java_client.DefaultGenericMobileDriver.findElementById(DefaultGenericMobileDriver.java:69)\n\tat io.appium.java_client.AppiumDriver.findElementById(AppiumDriver.java:1)\n\tat io.appium.java_client.android.AndroidDriver.findElementById(AndroidDriver.java:1)\n\tat org.openqa.selenium.By$ById.findElement(By.java:188)\n\tat org.openqa.selenium.remote.RemoteWebDriver.findElement(RemoteWebDriver.java:315)\n\tat io.appium.java_client.DefaultGenericMobileDriver.findElement(DefaultGenericMobileDriver.java:57)\n\tat io.appium.java_client.AppiumDriver.findElement(AppiumDriver.java:1)\n\tat io.appium.java_client.android.AndroidDriver.findElement(AndroidDriver.java:1)\n\tat org.openqa.selenium.support.ui.ExpectedConditions$7.apply(ExpectedConditions.java:205)\n\tat org.openqa.selenium.support.ui.ExpectedConditions$7.apply(ExpectedConditions.java:201)\n\tat org.openqa.selenium.support.ui.FluentWait.until(FluentWait.java:249)\n\t... 18 more\n"},"stage":"finished","steps":[],"attachments":[],"parameters":[],"start":1603343679073,"stop":1603343714166}],"attachments":[{"name":"screenShot","source":"a16b0d5a-d19b-41aa-aef3-e8fd8569626f-attachment"},{"name":"Page Screenshot","source":"18aae360-f3bf-4083-9dc0-4bf31acd14fd-attachment","type":"image/png"}],"parameters":[{"name":"deviceName","value":"Pixel"}],"start":1603343679073,"stop":1603343714700,"uuid":"76d26d05-c888-4bdd-8d39-5c28275a5013","historyId":"5a923e1e72ee3dbaa47a607072e086eb","fullName":"tests.SignUpITest.checkValidSignUpUsingGoogle","labels":[{"name":"package","value":"tests.SignUpITest"},{"name":"testClass","value":"tests.SignUpITest"},{"name":"testMethod","value":"checkValidSignUpUsingGoogle"},{"name":"parentSuite","value":"Switch Android Regression Test"},{"name":"suite","value":"Switch Android Regression Test"},{"name":"subSuite","value":"tests.SignUpITest"},{"name":"host","value":"Faizals-MacBook-Pro.local"},{"name":"thread","value":"36241@Faizals-MacBook-Pro.local.TestNG-test=Switch Android Regression Test-9(30)"},{"name":"framework","value":"testng"},{"name":"language","value":"java"},{"name":"story","value":"Story Name : Check On SignUp Page"},{"name":"severity","value":"normal"}],"links":[]}