{"name":"Switch_Land_002 - User able to go to LOGIN PAGE","status":"broken","statusDetails":{"known":false,"muted":false,"flaky":false,"message":"Expected condition failed: waiting for visibility of element located by By.id: com.smartfren.switchmobile:id/skip (tried for 10 second(s) with 500 milliseconds interval)","trace":"org.openqa.selenium.TimeoutException: Expected condition failed: waiting for visibility of element located by By.id: com.smartfren.switchmobile:id/skip (tried for 10 second(s) with 500 milliseconds interval)\n\tat org.openqa.selenium.support.ui.WebDriverWait.timeoutException(WebDriverWait.java:95)\n\tat org.openqa.selenium.support.ui.FluentWait.until(FluentWait.java:272)\n\tat utilities.finders.ElementAction.waitUntilElement(ElementAction.java:15)\n\tat utilities.finders.ElementAction.click(ElementAction.java:19)\n\tat pages.LandingPages.testGoToLoginPage(LandingPages.java:17)\n\tat tests.LandingITest.checkGoToLoginPage(LandingITest.java:35)\n\tat sun.reflect.NativeMethodAccessorImpl.invoke0(Native Method)\n\tat sun.reflect.NativeMethodAccessorImpl.invoke(NativeMethodAccessorImpl.java:62)\n\tat sun.reflect.DelegatingMethodAccessorImpl.invoke(DelegatingMethodAccessorImpl.java:43)\n\tat java.lang.reflect.Method.invoke(Method.java:498)\n\tat org.testng.internal.MethodInvocationHelper.invokeMethod(MethodInvocationHelper.java:124)\n\tat org.testng.internal.Invoker.invokeMethod(Invoker.java:583)\n\tat org.testng.internal.Invoker.invokeTestMethod(Invoker.java:719)\n\tat org.testng.internal.Invoker.invokeTestMethods(Invoker.java:989)\n\tat org.testng.internal.TestMethodWorker.invokeTestMethods(TestMethodWorker.java:125)\n\tat org.testng.internal.TestMethodWorker.run(TestMethodWorker.java:109)\n\tat java.util.concurrent.ThreadPoolExecutor.runWorker(ThreadPoolExecutor.java:1149)\n\tat java.util.concurrent.ThreadPoolExecutor$Worker.run(ThreadPoolExecutor.java:624)\n\tat java.lang.Thread.run(Thread.java:748)\nCaused by: org.openqa.selenium.NoSuchElementException: An element could not be located on the page using the given search parameters.\nFor documentation on this error, please visit: https://www.seleniumhq.org/exceptions/no_such_element.html\nBuild info: version: '3.141.59', revision: 'e82be7d358', time: '2018-11-14T08:17:03'\nSystem info: host: 'Faizals-MacBook-Pro.local', ip: 'fe80:0:0:0:1460:b97b:7e0d:fc85%en0', os.name: 'Mac OS X', os.arch: 'x86_64', os.version: '10.15.6', java.version: '1.8.0_251'\nDriver info: io.appium.java_client.android.AndroidDriver\nCapabilities {app: /home/radmin/build/raid-dat..., appActivity: com.smartfren.switchmobile...., appPackage: com.smartfren.switchmobile, automationName: uiautomator2, chromedriverPort: 30032, databaseEnabled: false, desired: {app: /home/radmin/build/raid-dat..., appActivity: com.smartfren.switchmobile...., appPackage: com.smartfren.switchmobile, automationName: uiautomator2, chromedriverPort: 30032, deviceName: 286, launchTimeout: 90000, newCommandTimeout: 600, pCloudy_ApiKey: ybrf4d2k3jv496f5x53w93wc, pCloudy_ApplicationName: app-production-release-1602..., pCloudy_DeviceFullName: ASUS_ZenfonePegasus3_Androi..., pCloudy_DurationInMinutes: 50, pCloudy_Username: pramoda.kumar@smartfren.com, pCloudy_WildNet: true, platformName: android, platformVersion: 6.0.0, systemPort: 30034, udid: G7AXGY00H2452NK}, deviceApiLevel: 23, deviceManufacturer: asus, deviceModel: ASUS_X008, deviceName: G7AXGY00H2452NK, deviceScreenDensity: 320, deviceScreenSize: 720x1280, deviceUDID: G7AXGY00H2452NK, javascriptEnabled: true, launchTimeout: 90000, locationContextEnabled: false, networkConnectionEnabled: true, newCommandTimeout: 600, pCloudy_ApiKey: ybrf4d2k3jv496f5x53w93wc, pCloudy_ApplicationName: app-production-release-1602..., pCloudy_DeviceFullName: ASUS_ZenfonePegasus3_Androi..., pCloudy_DurationInMinutes: 50, pCloudy_Username: pramoda.kumar@smartfren.com, pCloudy_WildNet: true, pixelRatio: 2, platform: LINUX, platformName: Android, platformVersion: 6.0, statBarHeight: 48, systemPort: 30034, takesScreenshot: true, udid: G7AXGY00H2452NK, viewportRect: {height: 1136, left: 0, top: 48, width: 720}, warnings: {}, webStorageEnabled: false}\nSession ID: 699a69d4-ab86-469a-ad32-cc08639cef55\n*** Element info: {Using=id, value=com.smartfren.switchmobile:id/skip}\n\tat sun.reflect.NativeConstructorAccessorImpl.newInstance0(Native Method)\n\tat sun.reflect.NativeConstructorAccessorImpl.newInstance(NativeConstructorAccessorImpl.java:62)\n\tat sun.reflect.DelegatingConstructorAccessorImpl.newInstance(DelegatingConstructorAccessorImpl.java:45)\n\tat java.lang.reflect.Constructor.newInstance(Constructor.java:423)\n\tat org.openqa.selenium.remote.http.W3CHttpResponseCodec.createException(W3CHttpResponseCodec.java:187)\n\tat org.openqa.selenium.remote.http.W3CHttpResponseCodec.decode(W3CHttpResponseCodec.java:122)\n\tat org.openqa.selenium.remote.http.W3CHttpResponseCodec.decode(W3CHttpResponseCodec.java:49)\n\tat org.openqa.selenium.remote.HttpCommandExecutor.execute(HttpCommandExecutor.java:158)\n\tat io.appium.java_client.remote.AppiumCommandExecutor.execute(AppiumCommandExecutor.java:239)\n\tat org.openqa.selenium.remote.RemoteWebDriver.execute(RemoteWebDriver.java:552)\n\tat io.appium.java_client.DefaultGenericMobileDriver.execute(DefaultGenericMobileDriver.java:41)\n\tat io.appium.java_client.AppiumDriver.execute(AppiumDriver.java:1)\n\tat io.appium.java_client.android.AndroidDriver.execute(AndroidDriver.java:1)\n\tat org.openqa.selenium.remote.RemoteWebDriver.findElement(RemoteWebDriver.java:323)\n\tat io.appium.java_client.DefaultGenericMobileDriver.findElement(DefaultGenericMobileDriver.java:61)\n\tat io.appium.java_client.AppiumDriver.findElement(AppiumDriver.java:1)\n\tat io.appium.java_client.android.AndroidDriver.findElement(AndroidDriver.java:1)\n\tat org.openqa.selenium.remote.RemoteWebDriver.findElementById(RemoteWebDriver.java:372)\n\tat io.appium.java_client.DefaultGenericMobileDriver.findElementById(DefaultGenericMobileDriver.java:69)\n\tat io.appium.java_client.AppiumDriver.findElementById(AppiumDriver.java:1)\n\tat io.appium.java_client.android.AndroidDriver.findElementById(AndroidDriver.java:1)\n\tat org.openqa.selenium.By$ById.findElement(By.java:188)\n\tat org.openqa.selenium.remote.RemoteWebDriver.findElement(RemoteWebDriver.java:315)\n\tat io.appium.java_client.DefaultGenericMobileDriver.findElement(DefaultGenericMobileDriver.java:57)\n\tat io.appium.java_client.AppiumDriver.findElement(AppiumDriver.java:1)\n\tat io.appium.java_client.android.AndroidDriver.findElement(AndroidDriver.java:1)\n\tat org.openqa.selenium.support.ui.ExpectedConditions$7.apply(ExpectedConditions.java:205)\n\tat org.openqa.selenium.support.ui.ExpectedConditions$7.apply(ExpectedConditions.java:201)\n\tat org.openqa.selenium.support.ui.FluentWait.until(FluentWait.java:249)\n\t... 17 more\n"},"stage":"finished","description":"Verify that User is navigating to Login Page on Clicking on Login Button in any storyboard.","steps":[{"name":"Click Button Login","status":"broken","statusDetails":{"known":false,"muted":false,"flaky":false,"message":"Expected condition failed: waiting for visibility of element located by By.id: com.smartfren.switchmobile:id/skip (tried for 10 second(s) with 500 milliseconds interval)","trace":"org.openqa.selenium.TimeoutException: Expected condition failed: waiting for visibility of element located by By.id: com.smartfren.switchmobile:id/skip (tried for 10 second(s) with 500 milliseconds interval)\n\tat org.openqa.selenium.support.ui.WebDriverWait.timeoutException(WebDriverWait.java:95)\n\tat org.openqa.selenium.support.ui.FluentWait.until(FluentWait.java:272)\n\tat utilities.finders.ElementAction.waitUntilElement(ElementAction.java:15)\n\tat utilities.finders.ElementAction.click(ElementAction.java:19)\n\tat pages.LandingPages.testGoToLoginPage(LandingPages.java:17)\n\tat tests.LandingITest.checkGoToLoginPage(LandingITest.java:35)\n\tat sun.reflect.NativeMethodAccessorImpl.invoke0(Native Method)\n\tat sun.reflect.NativeMethodAccessorImpl.invoke(NativeMethodAccessorImpl.java:62)\n\tat sun.reflect.DelegatingMethodAccessorImpl.invoke(DelegatingMethodAccessorImpl.java:43)\n\tat java.lang.reflect.Method.invoke(Method.java:498)\n\tat org.testng.internal.MethodInvocationHelper.invokeMethod(MethodInvocationHelper.java:124)\n\tat org.testng.internal.Invoker.invokeMethod(Invoker.java:583)\n\tat org.testng.internal.Invoker.invokeTestMethod(Invoker.java:719)\n\tat org.testng.internal.Invoker.invokeTestMethods(Invoker.java:989)\n\tat org.testng.internal.TestMethodWorker.invokeTestMethods(TestMethodWorker.java:125)\n\tat org.testng.internal.TestMethodWorker.run(TestMethodWorker.java:109)\n\tat java.util.concurrent.ThreadPoolExecutor.runWorker(ThreadPoolExecutor.java:1149)\n\tat java.util.concurrent.ThreadPoolExecutor$Worker.run(ThreadPoolExecutor.java:624)\n\tat java.lang.Thread.run(Thread.java:748)\nCaused by: org.openqa.selenium.NoSuchElementException: An element could not be located on the page using the given search parameters.\nFor documentation on this error, please visit: https://www.seleniumhq.org/exceptions/no_such_element.html\nBuild info: version: '3.141.59', revision: 'e82be7d358', time: '2018-11-14T08:17:03'\nSystem info: host: 'Faizals-MacBook-Pro.local', ip: 'fe80:0:0:0:1460:b97b:7e0d:fc85%en0', os.name: 'Mac OS X', os.arch: 'x86_64', os.version: '10.15.6', java.version: '1.8.0_251'\nDriver info: io.appium.java_client.android.AndroidDriver\nCapabilities {app: /home/radmin/build/raid-dat..., appActivity: com.smartfren.switchmobile...., appPackage: com.smartfren.switchmobile, automationName: uiautomator2, chromedriverPort: 30032, databaseEnabled: false, desired: {app: /home/radmin/build/raid-dat..., appActivity: com.smartfren.switchmobile...., appPackage: com.smartfren.switchmobile, automationName: uiautomator2, chromedriverPort: 30032, deviceName: 286, launchTimeout: 90000, newCommandTimeout: 600, pCloudy_ApiKey: ybrf4d2k3jv496f5x53w93wc, pCloudy_ApplicationName: app-production-release-1602..., pCloudy_DeviceFullName: ASUS_ZenfonePegasus3_Androi..., pCloudy_DurationInMinutes: 50, pCloudy_Username: pramoda.kumar@smartfren.com, pCloudy_WildNet: true, platformName: android, platformVersion: 6.0.0, systemPort: 30034, udid: G7AXGY00H2452NK}, deviceApiLevel: 23, deviceManufacturer: asus, deviceModel: ASUS_X008, deviceName: G7AXGY00H2452NK, deviceScreenDensity: 320, deviceScreenSize: 720x1280, deviceUDID: G7AXGY00H2452NK, javascriptEnabled: true, launchTimeout: 90000, locationContextEnabled: false, networkConnectionEnabled: true, newCommandTimeout: 600, pCloudy_ApiKey: ybrf4d2k3jv496f5x53w93wc, pCloudy_ApplicationName: app-production-release-1602..., pCloudy_DeviceFullName: ASUS_ZenfonePegasus3_Androi..., pCloudy_DurationInMinutes: 50, pCloudy_Username: pramoda.kumar@smartfren.com, pCloudy_WildNet: true, pixelRatio: 2, platform: LINUX, platformName: Android, platformVersion: 6.0, statBarHeight: 48, systemPort: 30034, takesScreenshot: true, udid: G7AXGY00H2452NK, viewportRect: {height: 1136, left: 0, top: 48, width: 720}, warnings: {}, webStorageEnabled: false}\nSession ID: 699a69d4-ab86-469a-ad32-cc08639cef55\n*** Element info: {Using=id, value=com.smartfren.switchmobile:id/skip}\n\tat sun.reflect.NativeConstructorAccessorImpl.newInstance0(Native Method)\n\tat sun.reflect.NativeConstructorAccessorImpl.newInstance(NativeConstructorAccessorImpl.java:62)\n\tat sun.reflect.DelegatingConstructorAccessorImpl.newInstance(DelegatingConstructorAccessorImpl.java:45)\n\tat java.lang.reflect.Constructor.newInstance(Constructor.java:423)\n\tat org.openqa.selenium.remote.http.W3CHttpResponseCodec.createException(W3CHttpResponseCodec.java:187)\n\tat org.openqa.selenium.remote.http.W3CHttpResponseCodec.decode(W3CHttpResponseCodec.java:122)\n\tat org.openqa.selenium.remote.http.W3CHttpResponseCodec.decode(W3CHttpResponseCodec.java:49)\n\tat org.openqa.selenium.remote.HttpCommandExecutor.execute(HttpCommandExecutor.java:158)\n\tat io.appium.java_client.remote.AppiumCommandExecutor.execute(AppiumCommandExecutor.java:239)\n\tat org.openqa.selenium.remote.RemoteWebDriver.execute(RemoteWebDriver.java:552)\n\tat io.appium.java_client.DefaultGenericMobileDriver.execute(DefaultGenericMobileDriver.java:41)\n\tat io.appium.java_client.AppiumDriver.execute(AppiumDriver.java:1)\n\tat io.appium.java_client.android.AndroidDriver.execute(AndroidDriver.java:1)\n\tat org.openqa.selenium.remote.RemoteWebDriver.findElement(RemoteWebDriver.java:323)\n\tat io.appium.java_client.DefaultGenericMobileDriver.findElement(DefaultGenericMobileDriver.java:61)\n\tat io.appium.java_client.AppiumDriver.findElement(AppiumDriver.java:1)\n\tat io.appium.java_client.android.AndroidDriver.findElement(AndroidDriver.java:1)\n\tat org.openqa.selenium.remote.RemoteWebDriver.findElementById(RemoteWebDriver.java:372)\n\tat io.appium.java_client.DefaultGenericMobileDriver.findElementById(DefaultGenericMobileDriver.java:69)\n\tat io.appium.java_client.AppiumDriver.findElementById(AppiumDriver.java:1)\n\tat io.appium.java_client.android.AndroidDriver.findElementById(AndroidDriver.java:1)\n\tat org.openqa.selenium.By$ById.findElement(By.java:188)\n\tat org.openqa.selenium.remote.RemoteWebDriver.findElement(RemoteWebDriver.java:315)\n\tat io.appium.java_client.DefaultGenericMobileDriver.findElement(DefaultGenericMobileDriver.java:57)\n\tat io.appium.java_client.AppiumDriver.findElement(AppiumDriver.java:1)\n\tat io.appium.java_client.android.AndroidDriver.findElement(AndroidDriver.java:1)\n\tat org.openqa.selenium.support.ui.ExpectedConditions$7.apply(ExpectedConditions.java:205)\n\tat org.openqa.selenium.support.ui.ExpectedConditions$7.apply(ExpectedConditions.java:201)\n\tat org.openqa.selenium.support.ui.FluentWait.until(FluentWait.java:249)\n\t... 17 more\n"},"stage":"finished","steps":[],"attachments":[],"parameters":[],"start":1602573811788,"stop":1602573842406}],"attachments":[{"name":"screenShot","source":"5b60db76-8661-490c-8cc6-5f0c0797f334-attachment"},{"name":"Page Screenshot","source":"dcb5f8f3-176c-45ef-8017-941d19c54b9c-attachment","type":"image/png"}],"parameters":[{"name":"deviceName","value":"Samsung"}],"start":1602573811788,"stop":1602573843560,"uuid":"9702f2b4-4dc4-401e-b168-bd1ba083556b","historyId":"d59ae09e0a1ac8824226f60a8888c9a0","fullName":"tests.LandingITest.checkGoToLoginPage","labels":[{"name":"package","value":"tests.LandingITest"},{"name":"testClass","value":"tests.LandingITest"},{"name":"testMethod","value":"checkGoToLoginPage"},{"name":"parentSuite","value":"pCloud-Switch-Regression"},{"name":"suite","value":"Switch Automation Regression"},{"name":"subSuite","value":"tests.LandingITest"},{"name":"host","value":"Faizals-MacBook-Pro.local"},{"name":"thread","value":"6306@Faizals-MacBook-Pro.local.TestNG-test=Switch Automation Regression-2(24)"},{"name":"framework","value":"testng"},{"name":"language","value":"java"},{"name":"story","value":"Story Name : Check On Landing Page"},{"name":"severity","value":"normal"}],"links":[]}